<?xml version="1.0" encoding="UTF-8"?>
<!-- Generated by org.testng.reporters.JUnitReportReporter -->
<testsuite hostname="DESKTOP-ORVEKOM" failures="0" tests="14" name="codenboxautomationlab1.codenboxautomationlab1.AppTest" time="1.714" errors="0" timestamp="2025-05-22T15:48:10 GMT+03:00" skipped="13">
  <testcase classname="codenboxautomationlab1.codenboxautomationlab1.AppTest" name="DownloadApkFileAndScreenShot" time="1.714"/>
  <testcase classname="codenboxautomationlab1.codenboxautomationlab1.AppTest" name="AlertTest">
    <skipped/>
  </testcase> <!-- AlertTest -->
  <testcase classname="codenboxautomationlab1.codenboxautomationlab1.AppTest" name="EnableDisable">
    <skipped/>
  </testcase> <!-- EnableDisable -->
  <testcase classname="codenboxautomationlab1.codenboxautomationlab1.AppTest" name="HideAndShow">
    <skipped/>
  </testcase> <!-- HideAndShow -->
  <testcase classname="codenboxautomationlab1.codenboxautomationlab1.AppTest" name="Iframe">
    <skipped/>
  </testcase> <!-- Iframe -->
  <testcase classname="codenboxautomationlab1.codenboxautomationlab1.AppTest" name="RadioButton">
    <skipped/>
  </testcase> <!-- RadioButton -->
  <testcase classname="codenboxautomationlab1.codenboxautomationlab1.AppTest" name="Calender">
    <skipped/>
  </testcase> <!-- Calender -->
  <testcase classname="codenboxautomationlab1.codenboxautomationlab1.AppTest" name="Static_Dropdown">
    <skipped/>
  </testcase> <!-- Static_Dropdown -->
  <testcase classname="codenboxautomationlab1.codenboxautomationlab1.AppTest" name="TableTest">
    <skipped/>
  </testcase> <!-- TableTest -->
  <testcase classname="codenboxautomationlab1.codenboxautomationlab1.AppTest" name="Dynamic_Dropdown">
    <skipped/>
  </testcase> <!-- Dynamic_Dropdown -->
  <testcase classname="codenboxautomationlab1.codenboxautomationlab1.AppTest" name="SwitchWindow">
    <skipped/>
  </testcase> <!-- SwitchWindow -->
  <testcase classname="codenboxautomationlab1.codenboxautomationlab1.AppTest" name="MouseHover">
    <skipped/>
  </testcase> <!-- MouseHover -->
  <testcase classname="codenboxautomationlab1.codenboxautomationlab1.AppTest" name="SwitchTab">
    <skipped/>
  </testcase> <!-- SwitchTab -->
  <testcase classname="codenboxautomationlab1.codenboxautomationlab1.AppTest" name="CheckBox">
    <skipped/>
  </testcase> <!-- CheckBox -->
</testsuite> <!-- codenboxautomationlab1.codenboxautomationlab1.AppTest -->
