<?xml version="1.0" encoding="UTF-8"?>
<!-- Generated by org.testng.reporters.JUnitReportReporter -->
<testsuite hostname="DESKTOP-ORVEKOM" failures="0" tests="2" name="codenboxautomationlab1.codenboxautomationlab1.test67" time="0.411" errors="0" timestamp="2025-05-03T13:39:21 GMT+03:00" skipped="0">
  <testcase classname="codenboxautomationlab1.codenboxautomationlab1.test67" name="verifyDefaultDepartureDate" time="0.186"/>
  <testcase classname="codenboxautomationlab1.codenboxautomationlab1.test67" name="verifyDefaultReturnDate" time="0.225"/>
</testsuite> <!-- codenboxautomationlab1.codenboxautomationlab1.test67 -->
