<?xml version="1.0" encoding="UTF-8"?>
<!-- Generated by org.testng.reporters.JUnitReportReporter -->
<testsuite hostname="DESKTOP-ORVEKOM" failures="0" tests="3" name="codenboxautomationlab1.codenboxautomationlab1.AppTest" time="2.951" errors="0" timestamp="2025-04-21T22:24:38 GMT+03:00" skipped="0">
  <testcase classname="codenboxautomationlab1.codenboxautomationlab1.AppTest" name="RadioButton" time="0.197"/>
  <testcase classname="codenboxautomationlab1.codenboxautomationlab1.AppTest" name="Dynamic_Dropdown" time="2.361"/>
  <testcase classname="codenboxautomationlab1.codenboxautomationlab1.AppTest" name="Static_Dropdown" time="0.393"/>
</testsuite> <!-- codenboxautomationlab1.codenboxautomationlab1.AppTest -->
